<?xml version="1.0" encoding="UTF-8"?>
<!-- Generated by org.testng.reporters.JUnitXMLReporter -->
<testsuite hostname="LAPTOP-UK74CD8S" ignored="0" name="Default test" tests="4" failures="0" timestamp="03 Jan 2020 16:24:37 GMT" time="8.771" errors="0">
  <testcase name="cart" time="4.422" classname="testing.dresstest"/>
  <testcase name="dess" time="3.977" classname="testing.dresstest"/>
  <testcase name="displayed" time="0.249" classname="testing.dresstest"/>
  <testcase name="verifycount" time="0.07" classname="testing.dresstest"/>
</testsuite> <!-- Default test -->
