<?xml version="1.0" encoding="UTF-8"?>
<!-- Generated by org.testng.reporters.JUnitXMLReporter -->
<testsuite hostname="LAPTOP-UK74CD8S" ignored="8" name="Test" tests="1" failures="0" timestamp="30 Dec 2019 16:24:50 GMT" time="1.343" errors="0">
  <testcase name="dess" time="1.305" classname="testing.dresstest"/>
  <testcase name="women" time="0.0" classname="testing.Hometest">
    <ignored/>
  </testcase> <!-- women -->
  <testcase name="details" time="0.0" classname="testing.productdetailstest">
    <ignored/>
  </testcase> <!-- details -->
  <testcase name="email" time="0.0" classname="testing.Hometest">
    <ignored/>
  </testcase> <!-- email -->
  <testcase name="verifycount" time="0.0" classname="testing.dresstest">
    <ignored/>
  </testcase> <!-- verifycount -->
  <testcase name="tshirts" time="0.0" classname="testing.Hometest">
    <ignored/>
  </testcase> <!-- tshirts -->
  <testcase name="displayed" time="0.0" classname="testing.dresstest">
    <ignored/>
  </testcase> <!-- displayed -->
  <testcase name="dress" time="0.0" classname="testing.Hometest">
    <ignored/>
  </testcase> <!-- dress -->
  <testcase name="cart" time="0.0" classname="testing.dresstest">
    <ignored/>
  </testcase> <!-- cart -->
</testsuite> <!-- Test -->
