<?xml version="1.0" encoding="UTF-8"?>
<testng-results skipped="0" failed="0" ignored="0" total="4" passed="4">
  <reporter-output>
  </reporter-output>
  <suite name="Default suite" duration-ms="7708" started-at="2020-01-08T03:49:14Z" finished-at="2020-01-08T03:49:22Z">
    <groups>
    </groups>
    <test name="Default test" duration-ms="7708" started-at="2020-01-08T03:49:14Z" finished-at="2020-01-08T03:49:22Z">
      <class name="testing.Hometest1">
        <test-method status="PASS" signature="dress()[pri:0, instance:testing.Hometest1@2e385cce]" name="dress" duration-ms="1250" started-at="2020-01-08T03:49:14Z" finished-at="2020-01-08T03:49:15Z">
          <reporter-output>
          </reporter-output>
        </test-method> <!-- dress -->
        <test-method status="PASS" signature="email()[pri:0, instance:testing.Hometest1@2e385cce]" name="email" duration-ms="3686" started-at="2020-01-08T03:49:15Z" finished-at="2020-01-08T03:49:19Z">
          <reporter-output>
          </reporter-output>
        </test-method> <!-- email -->
        <test-method status="PASS" signature="tshirts3()[pri:0, instance:testing.Hometest1@2e385cce]" name="tshirts3" duration-ms="1139" started-at="2020-01-08T03:49:19Z" finished-at="2020-01-08T03:49:20Z">
          <reporter-output>
          </reporter-output>
        </test-method> <!-- tshirts3 -->
        <test-method status="PASS" signature="women2()[pri:0, instance:testing.Hometest1@2e385cce]" name="women2" duration-ms="1584" started-at="2020-01-08T03:49:20Z" finished-at="2020-01-08T03:49:22Z">
          <reporter-output>
          </reporter-output>
        </test-method> <!-- women2 -->
      </class> <!-- testing.Hometest1 -->
    </test> <!-- Default test -->
  </suite> <!-- Default suite -->
</testng-results>
