<?xml version="1.0" encoding="UTF-8"?>
<testng-results skipped="0" failed="0" ignored="0" total="4" passed="4">
  <reporter-output>
  </reporter-output>
  <suite name="Default suite" duration-ms="8771" started-at="2020-01-03T16:24:28Z" finished-at="2020-01-03T16:24:37Z">
    <groups>
      <group name="Regression">
        <method signature="dresstest.dess()[pri:0, instance:testing.dresstest@46cdf8bd]" name="dess" class="testing.dresstest"/>
      </group> <!-- Regression -->
    </groups>
    <test name="Default test" duration-ms="8771" started-at="2020-01-03T16:24:28Z" finished-at="2020-01-03T16:24:37Z">
      <class name="testing.dresstest">
        <test-method status="PASS" signature="cart()[pri:0, instance:testing.dresstest@46cdf8bd]" name="cart" duration-ms="4422" started-at="2020-01-03T16:24:28Z" finished-at="2020-01-03T16:24:32Z">
          <reporter-output>
          </reporter-output>
        </test-method> <!-- cart -->
        <test-method status="PASS" signature="dess()[pri:0, instance:testing.dresstest@46cdf8bd]" name="dess" duration-ms="3977" started-at="2020-01-03T16:24:32Z" finished-at="2020-01-03T16:24:36Z">
          <reporter-output>
          </reporter-output>
        </test-method> <!-- dess -->
        <test-method status="PASS" signature="displayed()[pri:0, instance:testing.dresstest@46cdf8bd]" name="displayed" duration-ms="249" started-at="2020-01-03T16:24:36Z" finished-at="2020-01-03T16:24:37Z">
          <reporter-output>
          </reporter-output>
        </test-method> <!-- displayed -->
        <test-method status="PASS" signature="verifycount()[pri:0, instance:testing.dresstest@46cdf8bd]" name="verifycount" duration-ms="70" started-at="2020-01-03T16:24:37Z" finished-at="2020-01-03T16:24:37Z">
          <reporter-output>
          </reporter-output>
        </test-method> <!-- verifycount -->
      </class> <!-- testing.dresstest -->
    </test> <!-- Default test -->
  </suite> <!-- Default suite -->
</testng-results>
